Starting...
==start==.
X Value: 0.00
Y Value: -0.86
==end==.
X Value: 0.25
Y Value: -0.37
==end==.
X Value: 0.50
Y Value: 0.11
==end==.
X Value: 0.75
Y Value: 0.60
==end==.
X Value: 1.00
Y Value: 1.09
==end==.
X Value: 1.25
Y Value: 1.58
==end==.
X Value: 1.50
Y Value: 2.07
==end==.
X Value: 1.75
Y Value: 2.56
==end==.
X Value: 2.00
Y Value: 3.05
==end==.
X Value: 2.25
Y Value: 3.54
==end==.
X Value: 2.50
Y Value: 4.03
==end==.
X Value: 2.75
Y Value: 4.52
==end==.
X Value: 3.00
Y Value: 5.00
==end==.
X Value: 3.25
Y Value: 5.49
==end==.
X Value: 3.50
Y Value: 5.98
==end==.
X Value: 3.75
Y Value: 6.47
==end==.
X Value: 4.00
Y Value: 6.96
==end==.
X Value: 4.25
Y Value: 7.45
==end==.
X Value: 4.50
Y Value: 7.94
==end==.
X Value: 4.75
Y Value: 8.43
==end==.
X Value: 5.00
Y Value: 8.92
==end==.
X Value: 5.25
Y Value: 9.41
==end==.
X Value: 5.50
Y Value: 9.89
==end==.
X Value: 5.75
Y Value: 10.38
==end==.
X Value: 6.00
Y Value: 10.87
==end==.
X Value: 6.25
Y Value: 11.36
==end==.
X Value: 6.50
Y Value: 11.85
==end==.
X Value: 6.75
Y Value: 12.34
==end==.
X Value: 7.00
Y Value: 12.83
==end==.
X Value: 7.25
Y Value: 13.32
==end==.
X Value: 7.50
Y Value: 13.81
==end==.
X Value: 7.75
Y Value: 14.30
==end==.
X Value: 8.00
Y Value: 14.78
==end==.
X Value: 8.25
Y Value: 15.27
==end==.
X Value: 8.50
Y Value: 15.76
==end==.
X Value: 8.75
Y Value: 16.25
==end==.
X Value: 9.00
Y Value: 16.74
==end==.
X Value: 9.25
Y Value: 17.23
==end==.
X Value: 9.50
Y Value: 17.72
==end==.
X Value: 9.75
Y Value: 18.21
==end==.
X Value: 10.00
Y Value: 18.70
==end==.
X Value: 10.25
Y Value: 19.19
==end==.
X Value: 10.50
Y Value: 19.67
==end==.
X Value: 10.75
Y Value: 20.16
==end==.
X Value: 11.00
Y Value: 20.65
==end==.
X Value: 11.25
Y Value: 21.14
==end==.
X Value: 11.50
Y Value: 21.63
==end==.
X Value: 11.75
Y Value: 22.12
==end==.
X Value: 12.00
Y Value: 22.61
==end==.
X Value: 12.25
Y Value: 23.10
==end==.
X Value: 12.50
Y Value: 23.59
==end==.
X Value: 12.75
Y Value: 24.08
==end==.
X Value: 13.00
Y Value: 24.56
==end==.
X Value: 13.25
Y Value: 25.05
==end==.
X Value: 13.50
Y Value: 25.54
==end==.
X Value: 13.75
Y Value: 26.03
==end==.
X Value: 14.00
Y Value: 26.52
==end==.
X Value: 14.25
Y Value: 27.01
==end==.
X Value: 14.50
Y Value: 27.50
==end==.
X Value: 14.75
Y Value: 27.99
==end==.
X Value: 15.00
Y Value: 28.48
==end==.
X Value: 15.25
Y Value: 28.97
==end==.
X Value: 15.50
Y Value: 29.45
==end==.
X Value: 15.75
Y Value: 29.94
==end==.
X Value: 16.00
Y Value: 30.43
==end==.
X Value: 16.25
Y Value: 30.92
==end==.
X Value: 16.50
Y Value: 31.41
==end==.
X Value: 16.75
Y Value: 31.90
==end==.
X Value: 17.00
Y Value: 32.39
==end==.
X Value: 17.25
Y Value: 32.88
==end==.
X Value: 17.50
Y Value: 33.37
==end==.
X Value: 17.75
Y Value: 33.86
==end==.
X Value: 18.00
Y Value: 34.34
==end==.
X Value: 18.25
Y Value: 34.83
==end==.
X Value: 18.50
Y Value: 35.32
==end==.
X Value: 18.75
Y Value: 35.81
==end==.
X Value: 19.00
Y Value: 36.30
==end==.
X Value: 19.25
Y Value: 36.79
==end==.
X Value: 19.50
Y Value: 37.28
==end==.
X Value: 19.75
Y Value: 37.77
==end==.
X Value: 20.00
Y Value: 38.26
==end==.
X Value: 20.25
Y Value: 38.75
==end==.
X Value: 20.50
Y Value: 39.23
