--Complete---

micro_interpreter.cpp6
micro_graph.cpp6
flatbuffer_utils.cpp8
flatbuffer_utils.cpp7



micro_graph.cpp1
fully_connected.cpp3
kernel_util.cpp3
kernel_util.cpp2
kernel_util.cpp1
micro_context.cpp4
kernel_util.cpp3
kernel_util.cpp2
kernel_util.cpp1
micro_context.cpp4
kernel_util.cpp3
kernel_util.cpp2
kernel_util.cpp1
micro_context.cpp4
kernel_util.cpp4
micro_context.cpp4
fully_connected_common.cpp2
kernel_util.cpp6
kernel_util.cpp6
kernel_util.cpp6
kernel_util.cpp6
micro_allocator.cpp23
simple_memory_allocator.cpp7



micro_graph.cpp1
fully_connected.cpp3
kernel_util.cpp3
kernel_util.cpp2
kernel_util.cpp1
micro_context.cpp4
kernel_util.cpp3
kernel_util.cpp2
kernel_util.cpp1
micro_context.cpp4
kernel_util.cpp3
kernel_util.cpp2
kernel_util.cpp1
micro_context.cpp4
kernel_util.cpp4
micro_context.cpp4
fully_connected_common.cpp2
kernel_util.cpp6
kernel_util.cpp6
kernel_util.cpp6
kernel_util.cpp6
micro_allocator.cpp23
simple_memory_allocator.cpp7



micro_graph.cpp1
fully_connected.cpp3
kernel_util.cpp3
kernel_util.cpp2
kernel_util.cpp1
micro_context.cpp4
kernel_util.cpp3
kernel_util.cpp2
kernel_util.cpp1
micro_context.cpp4
kernel_util.cpp3
kernel_util.cpp2
kernel_util.cpp1
micro_context.cpp4
kernel_util.cpp4
micro_context.cpp4
fully_connected_common.cpp2
kernel_util.cpp6
kernel_util.cpp6
kernel_util.cpp6
kernel_util.cpp6
micro_allocator.cpp23
simple_memory_allocator.cpp7


micro_string.cpp12
micro_string.cpp8
micro_string.cpp4
micro_string.cpp3
micro_string.cpp1
133 
---end---